1694012446.951762 client started (8754): version 3.3a, socket /tmp/tmux-1000/default, protocol 8
1694012446.951794 on Linux 6.4.12-arch1-1 #1 SMP PREEMPT_DYNAMIC Thu, 24 Aug 2023 00:38:14 +0000
1694012446.951802 using libevent 2.1.12-stable (poll); ncurses 6.4
1694012446.951816 flags are 0x10010000
1694012446.951819 socket is /tmp/tmux-1000/default
1694012446.951831 trying connect
1694012446.951880 add peer 0x55ccad733170: 6 ((nil))
1694012446.952129 sending message 100 to peer 0x55ccad733170 (4 bytes)
1694012446.952135 sending message 111 to peer 0x55ccad733170 (8 bytes)
1694012446.952138 sending message 101 to peer 0x55ccad733170 (14 bytes)
1694012446.952141 sending message 109 to peer 0x55ccad733170 (4 bytes)
1694012446.952144 sending message 102 to peer 0x55ccad733170 (11 bytes)
1694012446.952147 sending message 108 to peer 0x55ccad733170 (33 bytes)
1694012446.952150 sending message 112 to peer 0x55ccad733170 (70 bytes)
1694012446.952154 sending message 112 to peer 0x55ccad733170 (5 bytes)
1694012446.952157 sending message 112 to peer 0x55ccad733170 (5 bytes)
1694012446.952160 sending message 112 to peer 0x55ccad733170 (6 bytes)
1694012446.952163 sending message 112 to peer 0x55ccad733170 (6 bytes)
1694012446.952166 sending message 112 to peer 0x55ccad733170 (11 bytes)
1694012446.952169 sending message 112 to peer 0x55ccad733170 (10 bytes)
1694012446.952173 sending message 112 to peer 0x55ccad733170 (13 bytes)
1694012446.952176 sending message 112 to peer 0x55ccad733170 (13 bytes)
1694012446.952179 sending message 112 to peer 0x55ccad733170 (18 bytes)
1694012446.952182 sending message 112 to peer 0x55ccad733170 (11 bytes)
1694012446.952185 sending message 112 to peer 0x55ccad733170 (10 bytes)
1694012446.952188 sending message 112 to peer 0x55ccad733170 (15 bytes)
1694012446.952191 sending message 112 to peer 0x55ccad733170 (21 bytes)
1694012446.952194 sending message 112 to peer 0x55ccad733170 (13 bytes)
1694012446.952198 sending message 112 to peer 0x55ccad733170 (7 bytes)
1694012446.952201 sending message 112 to peer 0x55ccad733170 (13 bytes)
1694012446.952204 sending message 112 to peer 0x55ccad733170 (7 bytes)
1694012446.952207 sending message 112 to peer 0x55ccad733170 (13 bytes)
1694012446.952210 sending message 112 to peer 0x55ccad733170 (9 bytes)
1694012446.952213 sending message 112 to peer 0x55ccad733170 (21 bytes)
1694012446.952216 sending message 112 to peer 0x55ccad733170 (13 bytes)
1694012446.952219 sending message 112 to peer 0x55ccad733170 (8 bytes)
1694012446.952222 sending message 112 to peer 0x55ccad733170 (12 bytes)
1694012446.952225 sending message 112 to peer 0x55ccad733170 (13 bytes)
1694012446.952229 sending message 112 to peer 0x55ccad733170 (9 bytes)
1694012446.952232 sending message 112 to peer 0x55ccad733170 (9 bytes)
1694012446.952235 sending message 112 to peer 0x55ccad733170 (12 bytes)
1694012446.952238 sending message 112 to peer 0x55ccad733170 (8 bytes)
1694012446.952241 sending message 112 to peer 0x55ccad733170 (8 bytes)
1694012446.952244 sending message 112 to peer 0x55ccad733170 (7 bytes)
1694012446.952247 sending message 112 to peer 0x55ccad733170 (7 bytes)
1694012446.952250 sending message 112 to peer 0x55ccad733170 (9 bytes)
1694012446.952253 sending message 112 to peer 0x55ccad733170 (13 bytes)
1694012446.952256 sending message 112 to peer 0x55ccad733170 (6 bytes)
1694012446.952259 sending message 112 to peer 0x55ccad733170 (9 bytes)
1694012446.952263 sending message 112 to peer 0x55ccad733170 (15 bytes)
1694012446.952266 sending message 112 to peer 0x55ccad733170 (13 bytes)
1694012446.952269 sending message 112 to peer 0x55ccad733170 (12 bytes)
1694012446.952272 sending message 112 to peer 0x55ccad733170 (8 bytes)
1694012446.952275 sending message 112 to peer 0x55ccad733170 (14 bytes)
1694012446.952278 sending message 112 to peer 0x55ccad733170 (11 bytes)
1694012446.952281 sending message 112 to peer 0x55ccad733170 (9 bytes)
1694012446.952284 sending message 112 to peer 0x55ccad733170 (10 bytes)
1694012446.952288 sending message 112 to peer 0x55ccad733170 (10 bytes)
1694012446.952291 sending message 112 to peer 0x55ccad733170 (10 bytes)
1694012446.952300 sending message 112 to peer 0x55ccad733170 (10 bytes)
1694012446.952303 sending message 112 to peer 0x55ccad733170 (11 bytes)
1694012446.952306 sending message 112 to peer 0x55ccad733170 (12 bytes)
1694012446.952309 sending message 112 to peer 0x55ccad733170 (12 bytes)
1694012446.952312 sending message 112 to peer 0x55ccad733170 (12 bytes)
1694012446.952316 sending message 112 to peer 0x55ccad733170 (12 bytes)
1694012446.952319 sending message 112 to peer 0x55ccad733170 (12 bytes)
1694012446.952322 sending message 112 to peer 0x55ccad733170 (11 bytes)
1694012446.952325 sending message 112 to peer 0x55ccad733170 (11 bytes)
1694012446.952328 sending message 112 to peer 0x55ccad733170 (12 bytes)
1694012446.952331 sending message 112 to peer 0x55ccad733170 (12 bytes)
1694012446.952334 sending message 112 to peer 0x55ccad733170 (12 bytes)
1694012446.952337 sending message 112 to peer 0x55ccad733170 (12 bytes)
1694012446.952340 sending message 112 to peer 0x55ccad733170 (12 bytes)
1694012446.952343 sending message 112 to peer 0x55ccad733170 (10 bytes)
1694012446.952347 sending message 112 to peer 0x55ccad733170 (12 bytes)
1694012446.952350 sending message 112 to peer 0x55ccad733170 (13 bytes)
1694012446.952353 sending message 112 to peer 0x55ccad733170 (13 bytes)
1694012446.952356 sending message 112 to peer 0x55ccad733170 (13 bytes)
1694012446.952359 sending message 112 to peer 0x55ccad733170 (13 bytes)
1694012446.952362 sending message 112 to peer 0x55ccad733170 (13 bytes)
1694012446.952365 sending message 112 to peer 0x55ccad733170 (8 bytes)
1694012446.952368 sending message 112 to peer 0x55ccad733170 (11 bytes)
1694012446.952371 sending message 112 to peer 0x55ccad733170 (11 bytes)
1694012446.952374 sending message 112 to peer 0x55ccad733170 (11 bytes)
1694012446.952377 sending message 112 to peer 0x55ccad733170 (12 bytes)
1694012446.952380 sending message 112 to peer 0x55ccad733170 (12 bytes)
1694012446.952384 sending message 112 to peer 0x55ccad733170 (12 bytes)
1694012446.952387 sending message 112 to peer 0x55ccad733170 (12 bytes)
1694012446.952390 sending message 112 to peer 0x55ccad733170 (13 bytes)
1694012446.952393 sending message 112 to peer 0x55ccad733170 (13 bytes)
1694012446.952396 sending message 112 to peer 0x55ccad733170 (13 bytes)
1694012446.952399 sending message 112 to peer 0x55ccad733170 (8 bytes)
1694012446.952402 sending message 112 to peer 0x55ccad733170 (13 bytes)
1694012446.952405 sending message 112 to peer 0x55ccad733170 (13 bytes)
1694012446.952408 sending message 112 to peer 0x55ccad733170 (13 bytes)
1694012446.952411 sending message 112 to peer 0x55ccad733170 (13 bytes)
1694012446.952414 sending message 112 to peer 0x55ccad733170 (13 bytes)
1694012446.952417 sending message 112 to peer 0x55ccad733170 (12 bytes)
1694012446.952421 sending message 112 to peer 0x55ccad733170 (12 bytes)
1694012446.952424 sending message 112 to peer 0x55ccad733170 (12 bytes)
1694012446.952427 sending message 112 to peer 0x55ccad733170 (12 bytes)
1694012446.952430 sending message 112 to peer 0x55ccad733170 (13 bytes)
1694012446.952433 sending message 112 to peer 0x55ccad733170 (8 bytes)
1694012446.952436 sending message 112 to peer 0x55ccad733170 (13 bytes)
1694012446.952439 sending message 112 to peer 0x55ccad733170 (13 bytes)
1694012446.952442 sending message 112 to peer 0x55ccad733170 (13 bytes)
1694012446.952445 sending message 112 to peer 0x55ccad733170 (13 bytes)
1694012446.952448 sending message 112 to peer 0x55ccad733170 (13 bytes)
1694012446.952451 sending message 112 to peer 0x55ccad733170 (13 bytes)
1694012446.952455 sending message 112 to peer 0x55ccad733170 (13 bytes)
1694012446.952458 sending message 112 to peer 0x55ccad733170 (12 bytes)
1694012446.952461 sending message 112 to peer 0x55ccad733170 (12 bytes)
1694012446.952464 sending message 112 to peer 0x55ccad733170 (12 bytes)
1694012446.952467 sending message 112 to peer 0x55ccad733170 (8 bytes)
1694012446.952471 sending message 112 to peer 0x55ccad733170 (12 bytes)
1694012446.952474 sending message 112 to peer 0x55ccad733170 (13 bytes)
1694012446.952481 sending message 112 to peer 0x55ccad733170 (13 bytes)
1694012446.952484 sending message 112 to peer 0x55ccad733170 (13 bytes)
1694012446.952487 sending message 112 to peer 0x55ccad733170 (13 bytes)
1694012446.952491 sending message 112 to peer 0x55ccad733170 (13 bytes)
1694012446.952494 sending message 112 to peer 0x55ccad733170 (13 bytes)
1694012446.952497 sending message 112 to peer 0x55ccad733170 (13 bytes)
1694012446.952500 sending message 112 to peer 0x55ccad733170 (13 bytes)
1694012446.952503 sending message 112 to peer 0x55ccad733170 (12 bytes)
1694012446.952506 sending message 112 to peer 0x55ccad733170 (10 bytes)
1694012446.952509 sending message 112 to peer 0x55ccad733170 (12 bytes)
1694012446.952512 sending message 112 to peer 0x55ccad733170 (12 bytes)
1694012446.952516 sending message 112 to peer 0x55ccad733170 (12 bytes)
1694012446.952519 sending message 112 to peer 0x55ccad733170 (13 bytes)
1694012446.952522 sending message 112 to peer 0x55ccad733170 (13 bytes)
1694012446.952525 sending message 112 to peer 0x55ccad733170 (13 bytes)
1694012446.952528 sending message 112 to peer 0x55ccad733170 (13 bytes)
1694012446.952531 sending message 112 to peer 0x55ccad733170 (13 bytes)
1694012446.952534 sending message 112 to peer 0x55ccad733170 (13 bytes)
1694012446.952537 sending message 112 to peer 0x55ccad733170 (13 bytes)
1694012446.952541 sending message 112 to peer 0x55ccad733170 (10 bytes)
1694012446.952544 sending message 112 to peer 0x55ccad733170 (13 bytes)
1694012446.952547 sending message 112 to peer 0x55ccad733170 (12 bytes)
1694012446.952550 sending message 112 to peer 0x55ccad733170 (12 bytes)
1694012446.952553 sending message 112 to peer 0x55ccad733170 (12 bytes)
1694012446.952556 sending message 112 to peer 0x55ccad733170 (10 bytes)
1694012446.952559 sending message 112 to peer 0x55ccad733170 (10 bytes)
1694012446.952562 sending message 112 to peer 0x55ccad733170 (10 bytes)
1694012446.952565 sending message 112 to peer 0x55ccad733170 (12 bytes)
1694012446.952568 sending message 112 to peer 0x55ccad733170 (13 bytes)
1694012446.952571 sending message 112 to peer 0x55ccad733170 (13 bytes)
1694012446.952575 sending message 112 to peer 0x55ccad733170 (13 bytes)
1694012446.952578 sending message 112 to peer 0x55ccad733170 (13 bytes)
1694012446.952581 sending message 112 to peer 0x55ccad733170 (13 bytes)
1694012446.952584 sending message 112 to peer 0x55ccad733170 (11 bytes)
1694012446.952587 sending message 112 to peer 0x55ccad733170 (11 bytes)
1694012446.952590 sending message 112 to peer 0x55ccad733170 (12 bytes)
1694012446.952593 sending message 112 to peer 0x55ccad733170 (12 bytes)
1694012446.952596 sending message 112 to peer 0x55ccad733170 (12 bytes)
1694012446.952599 sending message 112 to peer 0x55ccad733170 (12 bytes)
1694012446.952602 sending message 112 to peer 0x55ccad733170 (12 bytes)
1694012446.952606 sending message 112 to peer 0x55ccad733170 (11 bytes)
1694012446.952610 sending message 112 to peer 0x55ccad733170 (12 bytes)
1694012446.952614 sending message 112 to peer 0x55ccad733170 (12 bytes)
1694012446.952618 sending message 112 to peer 0x55ccad733170 (13 bytes)
1694012446.952621 sending message 112 to peer 0x55ccad733170 (13 bytes)
1694012446.952625 sending message 112 to peer 0x55ccad733170 (13 bytes)
1694012446.952629 sending message 112 to peer 0x55ccad733170 (13 bytes)
1694012446.952632 sending message 112 to peer 0x55ccad733170 (13 bytes)
1694012446.952636 sending message 112 to peer 0x55ccad733170 (10 bytes)
1694012446.952639 sending message 112 to peer 0x55ccad733170 (9 bytes)
1694012446.952642 sending message 112 to peer 0x55ccad733170 (12 bytes)
1694012446.952645 sending message 112 to peer 0x55ccad733170 (13 bytes)
1694012446.952648 sending message 112 to peer 0x55ccad733170 (13 bytes)
1694012446.952651 sending message 112 to peer 0x55ccad733170 (13 bytes)
1694012446.952654 sending message 112 to peer 0x55ccad733170 (13 bytes)
1694012446.952657 sending message 112 to peer 0x55ccad733170 (13 bytes)
1694012446.952664 sending message 112 to peer 0x55ccad733170 (9 bytes)
1694012446.952667 sending message 112 to peer 0x55ccad733170 (12 bytes)
1694012446.952670 sending message 112 to peer 0x55ccad733170 (13 bytes)
1694012446.952673 sending message 112 to peer 0x55ccad733170 (13 bytes)
1694012446.952676 sending message 112 to peer 0x55ccad733170 (13 bytes)
1694012446.952679 sending message 112 to peer 0x55ccad733170 (13 bytes)
1694012446.952681 sending message 112 to peer 0x55ccad733170 (13 bytes)
1694012446.952684 sending message 112 to peer 0x55ccad733170 (11 bytes)
1694012446.952687 sending message 112 to peer 0x55ccad733170 (12 bytes)
1694012446.952690 sending message 112 to peer 0x55ccad733170 (13 bytes)
1694012446.952693 sending message 112 to peer 0x55ccad733170 (13 bytes)
1694012446.952696 sending message 112 to peer 0x55ccad733170 (13 bytes)
1694012446.952699 sending message 112 to peer 0x55ccad733170 (13 bytes)
1694012446.952702 sending message 112 to peer 0x55ccad733170 (13 bytes)
1694012446.952705 sending message 112 to peer 0x55ccad733170 (11 bytes)
1694012446.952708 sending message 112 to peer 0x55ccad733170 (12 bytes)
1694012446.952711 sending message 112 to peer 0x55ccad733170 (12 bytes)
1694012446.952714 sending message 112 to peer 0x55ccad733170 (12 bytes)
1694012446.952717 sending message 112 to peer 0x55ccad733170 (12 bytes)
1694012446.952720 sending message 112 to peer 0x55ccad733170 (12 bytes)
1694012446.952723 sending message 112 to peer 0x55ccad733170 (21 bytes)
1694012446.952728 sending message 112 to peer 0x55ccad733170 (12 bytes)
1694012446.952731 sending message 112 to peer 0x55ccad733170 (9 bytes)
1694012446.952734 sending message 112 to peer 0x55ccad733170 (6 bytes)
1694012446.952737 sending message 112 to peer 0x55ccad733170 (13 bytes)
1694012446.952740 sending message 112 to peer 0x55ccad733170 (8 bytes)
1694012446.952742 sending message 112 to peer 0x55ccad733170 (15 bytes)
1694012446.952745 sending message 112 to peer 0x55ccad733170 (13 bytes)
1694012446.952748 sending message 112 to peer 0x55ccad733170 (9 bytes)
1694012446.952751 sending message 112 to peer 0x55ccad733170 (70 bytes)
1694012446.952754 sending message 112 to peer 0x55ccad733170 (69 bytes)
1694012446.952757 sending message 112 to peer 0x55ccad733170 (10 bytes)
1694012446.952760 sending message 112 to peer 0x55ccad733170 (10 bytes)
1694012446.952763 sending message 112 to peer 0x55ccad733170 (8 bytes)
1694012446.952766 sending message 112 to peer 0x55ccad733170 (15 bytes)
1694012446.952769 sending message 112 to peer 0x55ccad733170 (13 bytes)
1694012446.952772 sending message 112 to peer 0x55ccad733170 (10 bytes)
1694012446.952775 sending message 112 to peer 0x55ccad733170 (10 bytes)
1694012446.952778 sending message 112 to peer 0x55ccad733170 (17 bytes)
1694012446.952781 sending message 112 to peer 0x55ccad733170 (10 bytes)
1694012446.952784 sending message 112 to peer 0x55ccad733170 (13 bytes)
1694012446.952787 sending message 112 to peer 0x55ccad733170 (9 bytes)
1694012446.952790 sending message 112 to peer 0x55ccad733170 (5 bytes)
1694012446.952793 sending message 112 to peer 0x55ccad733170 (15 bytes)
1694012446.952796 sending message 104 to peer 0x55ccad733170 (0 bytes)
1694012446.952800 sending message 110 to peer 0x55ccad733170 (0 bytes)
1694012446.952803 sending message 107 to peer 0x55ccad733170 (4 bytes)
1694012446.952806 sending message 105 to peer 0x55ccad733170 (16 bytes)
1694012446.952809 sending message 105 to peer 0x55ccad733170 (24 bytes)
1694012446.952812 sending message 105 to peer 0x55ccad733170 (20 bytes)
1694012446.952815 sending message 105 to peer 0x55ccad733170 (22 bytes)
1694012446.952818 sending message 105 to peer 0x55ccad733170 (59 bytes)
1694012446.952821 sending message 105 to peer 0x55ccad733170 (26 bytes)
1694012446.952824 sending message 105 to peer 0x55ccad733170 (20 bytes)
1694012446.952827 sending message 105 to peer 0x55ccad733170 (35 bytes)
1694012446.952829 sending message 105 to peer 0x55ccad733170 (30 bytes)
1694012446.952832 sending message 105 to peer 0x55ccad733170 (46 bytes)
1694012446.952835 sending message 105 to peer 0x55ccad733170 (57 bytes)
1694012446.952842 sending message 105 to peer 0x55ccad733170 (17 bytes)
1694012446.952845 sending message 105 to peer 0x55ccad733170 (16 bytes)
1694012446.952848 sending message 105 to peer 0x55ccad733170 (11 bytes)
1694012446.952851 sending message 105 to peer 0x55ccad733170 (109 bytes)
1694012446.952854 sending message 105 to peer 0x55ccad733170 (15 bytes)
1694012446.952857 sending message 105 to peer 0x55ccad733170 (37 bytes)
1694012446.952860 sending message 105 to peer 0x55ccad733170 (12 bytes)
1694012446.952863 sending message 105 to peer 0x55ccad733170 (25 bytes)
1694012446.952866 sending message 105 to peer 0x55ccad733170 (15 bytes)
1694012446.952869 sending message 105 to peer 0x55ccad733170 (15 bytes)
1694012446.952872 sending message 105 to peer 0x55ccad733170 (17 bytes)
1694012446.952875 sending message 105 to peer 0x55ccad733170 (30 bytes)
1694012446.952878 sending message 105 to peer 0x55ccad733170 (29 bytes)
1694012446.952881 sending message 105 to peer 0x55ccad733170 (26 bytes)
1694012446.952884 sending message 105 to peer 0x55ccad733170 (61 bytes)
1694012446.952887 sending message 105 to peer 0x55ccad733170 (70 bytes)
1694012446.952890 sending message 105 to peer 0x55ccad733170 (62 bytes)
1694012446.952893 sending message 105 to peer 0x55ccad733170 (23 bytes)
1694012446.952896 sending message 105 to peer 0x55ccad733170 (23 bytes)
1694012446.952899 sending message 105 to peer 0x55ccad733170 (19 bytes)
1694012446.952902 sending message 105 to peer 0x55ccad733170 (45 bytes)
1694012446.952905 sending message 105 to peer 0x55ccad733170 (9 bytes)
1694012446.952908 sending message 105 to peer 0x55ccad733170 (13 bytes)
1694012446.952911 sending message 105 to peer 0x55ccad733170 (80 bytes)
1694012446.952915 sending message 105 to peer 0x55ccad733170 (11 bytes)
1694012446.952918 sending message 105 to peer 0x55ccad733170 (41 bytes)
1694012446.952921 sending message 105 to peer 0x55ccad733170 (11 bytes)
1694012446.952924 sending message 105 to peer 0x55ccad733170 (8 bytes)
1694012446.952927 sending message 105 to peer 0x55ccad733170 (14 bytes)
1694012446.952930 sending message 105 to peer 0x55ccad733170 (21 bytes)
1694012446.952933 sending message 105 to peer 0x55ccad733170 (11 bytes)
1694012446.952936 sending message 105 to peer 0x55ccad733170 (17 bytes)
1694012446.952939 sending message 105 to peer 0x55ccad733170 (31 bytes)
1694012446.952942 sending message 105 to peer 0x55ccad733170 (75 bytes)
1694012446.952945 sending message 105 to peer 0x55ccad733170 (50 bytes)
1694012446.952948 sending message 105 to peer 0x55ccad733170 (33 bytes)
1694012446.952951 sending message 105 to peer 0x55ccad733170 (118 bytes)
1694012446.952954 sending message 105 to peer 0x55ccad733170 (52 bytes)
1694012446.952957 sending message 105 to peer 0x55ccad733170 (338 bytes)
1694012446.952960 sending message 105 to peer 0x55ccad733170 (38 bytes)
1694012446.952963 sending message 105 to peer 0x55ccad733170 (54 bytes)
1694012446.952965 sending message 105 to peer 0x55ccad733170 (70 bytes)
1694012446.952968 sending message 105 to peer 0x55ccad733170 (50 bytes)
1694012446.952971 sending message 105 to peer 0x55ccad733170 (25 bytes)
1694012446.952974 sending message 105 to peer 0x55ccad733170 (35 bytes)
1694012446.952977 sending message 105 to peer 0x55ccad733170 (18 bytes)
1694012446.952980 sending message 105 to peer 0x55ccad733170 (16 bytes)
1694012446.952983 sending message 105 to peer 0x55ccad733170 (17 bytes)
1694012446.952986 sending message 106 to peer 0x55ccad733170 (0 bytes)
1694012446.953031 sending message 200 to peer 0x55ccad733170 (4 bytes)
1694012446.953034 client loop enter
1694012446.954558 peer 0x55ccad733170 message 303
1694012446.954564 open write file 2 -
1694012446.954570 sending message 305 to peer 0x55ccad733170 (8 bytes)
1694012446.954584 write check file 2
1694012446.954671 peer 0x55ccad733170 message 304
1694012446.954676 write 58 to file 2
1694012446.954681 peer 0x55ccad733170 message 203
1694012446.954685 file 2 58 bytes left
1694012446.954696 write check file 2
1694012446.954704 client loop exit
